# JRE version: OpenJDK Runtime Environment Temurin-17.0.6+10 (17.0.6+10) (build 17.0.6+10)
# Java VM: OpenJDK 64-Bit Server VM Temurin-17.0.6+10 (17.0.6+10, mixed mode, tiered, compressed oops, compressed class ptrs, g1 gc, windows-amd64)
GC Precious Log:
 CPUs: 6 total, 6 available
 Memory: 16383M
 Large Page Support: Disabled
 NUMA Support: Disabled
 Compressed Oops: Enabled (Zero based)
 Heap Region Size: 2M
 Heap Min Capacity: 8M
 Heap Initial Capacity: 256M
 Heap Max Capacity: 4G
 Pre-touch: Disabled
 Parallel Workers: 6
 Concurrent Workers: 2
 Concurrent Refinement Workers: 6
 Periodic GC: Disabled
Heap:
 garbage-first heap   total 116736K, used 43756K [0x0000000700000000, 0x0000000800000000)
  region size 2048K, 9 young (18432K), 1 survivors (2048K)
 Metaspace       used 35381K, committed 35712K, reserved 1081344K
  class space    used 3745K, committed 3904K, reserved 1048576K
GC Heap History (20 events):
Event: 18.854 GC heap before
{Heap before GC invocations=11 (full 0):
 garbage-first heap   total 40960K, used 27708K [0x0000000700000000, 0x0000000800000000)
  region size 2048K, 7 young (14336K), 1 survivors (2048K)
 Metaspace       used 24532K, committed 24768K, reserved 1073152K
  class space    used 2493K, committed 2624K, reserved 1048576K
}
Event: 18.858 GC heap after
{Heap after GC invocations=12 (full 0):
 garbage-first heap   total 40960K, used 17919K [0x0000000700000000, 0x0000000800000000)
  region size 2048K, 1 young (2048K), 1 survivors (2048K)
 Metaspace       used 24532K, committed 24768K, reserved 1073152K
  class space    used 2493K, committed 2624K, reserved 1048576K
}
Event: 20.689 GC heap before
{Heap before GC invocations=12 (full 0):
 garbage-first heap   total 40960K, used 30207K [0x0000000700000000, 0x0000000800000000)
  region size 2048K, 7 young (14336K), 1 survivors (2048K)
 Metaspace       used 26715K, committed 27008K, reserved 1081344K
  class space    used 2740K, committed 2880K, reserved 1048576K
}
Event: 20.693 GC heap after
{Heap after GC invocations=13 (full 0):
 garbage-first heap   total 40960K, used 18585K [0x0000000700000000, 0x0000000800000000)
  region size 2048K, 1 young (2048K), 1 survivors (2048K)
 Metaspace       used 26715K, committed 27008K, reserved 1081344K
  class space    used 2740K, committed 2880K, reserved 1048576K
}
Event: 21.528 GC heap before
{Heap before GC invocations=13 (full 0):
 garbage-first heap   total 40960K, used 28825K [0x0000000700000000, 0x0000000800000000)
  region size 2048K, 7 young (14336K), 1 survivors (2048K)
 Metaspace       used 29447K, committed 29696K, reserved 1081344K
  class space    used 3107K, committed 3264K, reserved 1048576K
}
Event: 21.532 GC heap after
{Heap after GC invocations=14 (full 0):
 garbage-first heap   total 40960K, used 19280K [0x0000000700000000, 0x0000000800000000)
  region size 2048K, 1 young (2048K), 1 survivors (2048K)
 Metaspace       used 29447K, committed 29696K, reserved 1081344K
  class space    used 3107K, committed 3264K, reserved 1048576K
}
Event: 21.738 GC heap before
{Heap before GC invocations=14 (full 0):
 garbage-first heap   total 40960K, used 29520K [0x0000000700000000, 0x0000000800000000)
  region size 2048K, 7 young (14336K), 1 survivors (2048K)
 Metaspace       used 32097K, committed 32384K, reserved 1081344K
  class space    used 3382K, committed 3520K, reserved 1048576K
}
Event: 21.745 GC heap after
{Heap after GC invocations=15 (full 0):
 garbage-first heap   total 40960K, used 21417K [0x0000000700000000, 0x0000000800000000)
  region size 2048K, 1 young (2048K), 1 survivors (2048K)
 Metaspace       used 32097K, committed 32384K, reserved 1081344K
  class space    used 3382K, committed 3520K, reserved 1048576K
}
Event: 21.918 GC heap before
{Heap before GC invocations=15 (full 0):
 garbage-first heap   total 40960K, used 29609K [0x0000000700000000, 0x0000000800000000)
  region size 2048K, 6 young (12288K), 1 survivors (2048K)
 Metaspace       used 32686K, committed 33024K, reserved 1081344K
  class space    used 3432K, committed 3584K, reserved 1048576K
}
Event: 21.923 GC heap after
{Heap after GC invocations=16 (full 0):
 garbage-first heap   total 40960K, used 24440K [0x0000000700000000, 0x0000000800000000)
  region size 2048K, 1 young (2048K), 1 survivors (2048K)
 Metaspace       used 32686K, committed 33024K, reserved 1081344K
  class space    used 3432K, committed 3584K, reserved 1048576K
}
Event: 21.988 GC heap before
{Heap before GC invocations=17 (full 0):
 garbage-first heap   total 49152K, used 30584K [0x0000000700000000, 0x0000000800000000)
  region size 2048K, 4 young (8192K), 1 survivors (2048K)
 Metaspace       used 32851K, committed 33152K, reserved 1081344K
  class space    used 3459K, committed 3648K, reserved 1048576K
}
Event: 21.992 GC heap after
{Heap after GC invocations=18 (full 0):
 garbage-first heap   total 49152K, used 26157K [0x0000000700000000, 0x0000000800000000)
  region size 2048K, 1 young (2048K), 1 survivors (2048K)
 Metaspace       used 32851K, committed 33152K, reserved 1081344K
  class space    used 3459K, committed 3648K, reserved 1048576K
}
Event: 22.032 GC heap before
{Heap before GC invocations=18 (full 0):
 garbage-first heap   total 49152K, used 28205K [0x0000000700000000, 0x0000000800000000)
  region size 2048K, 2 young (4096K), 1 survivors (2048K)
 Metaspace       used 33049K, committed 33344K, reserved 1081344K
  class space    used 3482K, committed 3648K, reserved 1048576K
}
Event: 22.038 GC heap after
{Heap after GC invocations=19 (full 0):
 garbage-first heap   total 49152K, used 26198K [0x0000000700000000, 0x0000000800000000)
  region size 2048K, 1 young (2048K), 1 survivors (2048K)
 Metaspace       used 33049K, committed 33344K, reserved 1081344K
  class space    used 3482K, committed 3648K, reserved 1048576K
}
Event: 22.104 GC heap before
{Heap before GC invocations=19 (full 0):
 garbage-first heap   total 49152K, used 34390K [0x0000000700000000, 0x0000000800000000)
  region size 2048K, 5 young (10240K), 1 survivors (2048K)
 Metaspace       used 33255K, committed 33600K, reserved 1081344K
  class space    used 3505K, committed 3712K, reserved 1048576K
}
Event: 22.109 GC heap after
{Heap after GC invocations=20 (full 0):
 garbage-first heap   total 49152K, used 27517K [0x0000000700000000, 0x0000000800000000)
  region size 2048K, 1 young (2048K), 1 survivors (2048K)
 Metaspace       used 33255K, committed 33600K, reserved 1081344K
  class space    used 3505K, committed 3712K, reserved 1048576K
}
Event: 22.297 GC heap before
{Heap before GC invocations=21 (full 0):
 garbage-first heap   total 51200K, used 35709K [0x0000000700000000, 0x0000000800000000)
  region size 2048K, 5 young (10240K), 1 survivors (2048K)
 Metaspace       used 34411K, committed 34752K, reserved 1081344K
  class space    used 3661K, committed 3840K, reserved 1048576K
}
Event: 22.303 GC heap after
{Heap after GC invocations=22 (full 0):
 garbage-first heap   total 51200K, used 28827K [0x0000000700000000, 0x0000000800000000)
  region size 2048K, 1 young (2048K), 1 survivors (2048K)
 Metaspace       used 34411K, committed 34752K, reserved 1081344K
  class space    used 3661K, committed 3840K, reserved 1048576K
}
Event: 23.930 GC heap before
{Heap before GC invocations=22 (full 0):
 garbage-first heap   total 51200K, used 37019K [0x0000000700000000, 0x0000000800000000)
  region size 2048K, 5 young (10240K), 1 survivors (2048K)
 Metaspace       used 34574K, committed 34880K, reserved 1081344K
  class space    used 3679K, committed 3840K, reserved 1048576K
}
Event: 23.934 GC heap after
{Heap after GC invocations=23 (full 0):
 garbage-first heap   total 157696K, used 29420K [0x0000000700000000, 0x0000000800000000)
  region size 2048K, 1 young (2048K), 1 survivors (2048K)
 Metaspace       used 34574K, committed 34880K, reserved 1081344K
  class space    used 3679K, committed 3840K, reserved 1048576K
}

